<?xml version="1.0" encoding="UTF-8"?>
<!-- Generated by org.testng.reporters.JUnitXMLReporter -->
<testsuite ignored="0" hostname="DESKTOP-LDEJGU9" failures="0" tests="3" name="Default test" time="36.34" errors="0" timestamp="2021-06-28T00:32:46 IST">
  <testcase classname="org.def.Secondone" name="testcase1" time="2.857"/>
  <testcase classname="org.def.Secondone" name="testcase3" time="0.604"/>
  <testcase classname="org.def.Secondone" name="testcase7" time="1.858"/>
</testsuite> <!-- Default test -->
